
Thanks for using JUnit! Support its development at https://junit.org/sponsoring

[36m.[0m
[36m'--[0m [36mJUnit Jupiter[0m [32m[OK][0m
[36m  '--[0m [36mAppTest[0m [32m[OK][0m
[36m    '--[0m [36mshould_answer_with_true(int)[0m [32m[OK][0m
[36m      +--[0m [34m[1] 0[0m [32m[OK][0m
[36m      +--[0m [34m[2] 1[0m [32m[OK][0m
[36m      +--[0m [34m[3] 2[0m [32m[OK][0m
[36m      +--[0m [34m[4] 3[0m [32m[OK][0m
[36m      +--[0m [34m[5] 4[0m [32m[OK][0m
[36m      +--[0m [34m[6] 5[0m [32m[OK][0m
[36m      +--[0m [34m[7] 6[0m [32m[OK][0m
[36m      +--[0m [34m[8] 7[0m [32m[OK][0m
[36m      +--[0m [34m[9] 8[0m [32m[OK][0m
[36m      +--[0m [34m[10] 9[0m [32m[OK][0m
[36m      +--[0m [34m[11] 10[0m [32m[OK][0m
[36m      +--[0m [34m[12] 11[0m [32m[OK][0m
[36m      +--[0m [34m[13] 12[0m [32m[OK][0m
[36m      +--[0m [34m[14] 13[0m [32m[OK][0m
[36m      +--[0m [34m[15] 14[0m [32m[OK][0m
[36m      +--[0m [34m[16] 15[0m [32m[OK][0m
[36m      +--[0m [34m[17] 16[0m [32m[OK][0m
[36m      +--[0m [34m[18] 17[0m [32m[OK][0m
[36m      +--[0m [34m[19] 18[0m [32m[OK][0m
[36m      +--[0m [34m[20] 19[0m [32m[OK][0m
[36m      +--[0m [34m[21] 20[0m [32m[OK][0m
[36m      +--[0m [34m[22] 21[0m [32m[OK][0m
[36m      +--[0m [34m[23] 22[0m [32m[OK][0m
[36m      +--[0m [34m[24] 23[0m [32m[OK][0m
[36m      +--[0m [34m[25] 24[0m [32m[OK][0m
[36m      +--[0m [34m[26] 25[0m [32m[OK][0m
[36m      +--[0m [34m[27] 26[0m [32m[OK][0m
[36m      +--[0m [34m[28] 27[0m [32m[OK][0m
[36m      +--[0m [34m[29] 28[0m [32m[OK][0m
[36m      +--[0m [34m[30] 29[0m [32m[OK][0m
[36m      +--[0m [34m[31] 30[0m [32m[OK][0m
[36m      +--[0m [34m[32] 31[0m [32m[OK][0m
[36m      +--[0m [34m[33] 32[0m [32m[OK][0m
[36m      +--[0m [34m[34] 33[0m [32m[OK][0m
[36m      +--[0m [34m[35] 34[0m [32m[OK][0m
[36m      +--[0m [34m[36] 35[0m [32m[OK][0m
[36m      +--[0m [34m[37] 36[0m [32m[OK][0m
[36m      +--[0m [34m[38] 37[0m [32m[OK][0m
[36m      +--[0m [34m[39] 38[0m [32m[OK][0m
[36m      +--[0m [34m[40] 39[0m [32m[OK][0m
[36m      +--[0m [34m[41] 40[0m [32m[OK][0m
[36m      +--[0m [34m[42] 41[0m [32m[OK][0m
[36m      +--[0m [34m[43] 42[0m [32m[OK][0m
[36m      +--[0m [34m[44] 43[0m [32m[OK][0m
[36m      +--[0m [34m[45] 44[0m [32m[OK][0m
[36m      +--[0m [34m[46] 45[0m [32m[OK][0m
[36m      +--[0m [34m[47] 46[0m [32m[OK][0m
[36m      +--[0m [34m[48] 47[0m [32m[OK][0m
[36m      +--[0m [34m[49] 48[0m [32m[OK][0m
[36m      +--[0m [34m[50] 49[0m [32m[OK][0m
[36m      +--[0m [34m[51] 50[0m [32m[OK][0m
[36m      +--[0m [34m[52] 51[0m [32m[OK][0m
[36m      +--[0m [34m[53] 52[0m [32m[OK][0m
[36m      +--[0m [34m[54] 53[0m [32m[OK][0m
[36m      +--[0m [34m[55] 54[0m [32m[OK][0m
[36m      +--[0m [34m[56] 55[0m [32m[OK][0m
[36m      +--[0m [34m[57] 56[0m [32m[OK][0m
[36m      +--[0m [34m[58] 57[0m [32m[OK][0m
[36m      +--[0m [34m[59] 58[0m [32m[OK][0m
[36m      +--[0m [34m[60] 59[0m [32m[OK][0m
[36m      +--[0m [34m[61] 60[0m [32m[OK][0m
[36m      +--[0m [34m[62] 61[0m [32m[OK][0m
[36m      +--[0m [34m[63] 62[0m [32m[OK][0m
[36m      +--[0m [34m[64] 63[0m [32m[OK][0m
[36m      +--[0m [34m[65] 64[0m [32m[OK][0m
[36m      +--[0m [34m[66] 65[0m [32m[OK][0m
[36m      +--[0m [34m[67] 66[0m [32m[OK][0m
[36m      +--[0m [34m[68] 67[0m [32m[OK][0m
[36m      +--[0m [34m[69] 68[0m [32m[OK][0m
[36m      +--[0m [34m[70] 69[0m [32m[OK][0m
[36m      +--[0m [34m[71] 70[0m [32m[OK][0m
[36m      +--[0m [34m[72] 71[0m [32m[OK][0m
[36m      +--[0m [34m[73] 72[0m [32m[OK][0m
[36m      +--[0m [34m[74] 73[0m [32m[OK][0m
[36m      +--[0m [34m[75] 74[0m [32m[OK][0m
[36m      +--[0m [34m[76] 75[0m [32m[OK][0m
[36m      +--[0m [34m[77] 76[0m [32m[OK][0m
[36m      +--[0m [34m[78] 77[0m [32m[OK][0m
[36m      +--[0m [34m[79] 78[0m [32m[OK][0m
[36m      +--[0m [34m[80] 79[0m [32m[OK][0m
[36m      +--[0m [34m[81] 80[0m [32m[OK][0m
[36m      +--[0m [34m[82] 81[0m [32m[OK][0m
[36m      +--[0m [34m[83] 82[0m [32m[OK][0m
[36m      +--[0m [34m[84] 83[0m [32m[OK][0m
[36m      +--[0m [34m[85] 84[0m [32m[OK][0m
[36m      +--[0m [34m[86] 85[0m [32m[OK][0m
[36m      +--[0m [34m[87] 86[0m [32m[OK][0m
[36m      +--[0m [34m[88] 87[0m [32m[OK][0m
[36m      +--[0m [34m[89] 88[0m [32m[OK][0m
[36m      +--[0m [34m[90] 89[0m [32m[OK][0m
[36m      +--[0m [34m[91] 90[0m [32m[OK][0m
[36m      +--[0m [34m[92] 91[0m [32m[OK][0m
[36m      +--[0m [34m[93] 92[0m [32m[OK][0m
[36m      +--[0m [34m[94] 93[0m [32m[OK][0m
[36m      +--[0m [34m[95] 94[0m [32m[OK][0m
[36m      +--[0m [34m[96] 95[0m [32m[OK][0m
[36m      +--[0m [34m[97] 96[0m [32m[OK][0m
[36m      +--[0m [34m[98] 97[0m [32m[OK][0m
[36m      +--[0m [34m[99] 98[0m [32m[OK][0m
[36m      +--[0m [34m[100] 99[0m [32m[OK][0m
[36m      +--[0m [34m[101] 100[0m [32m[OK][0m
[36m      +--[0m [34m[102] 101[0m [32m[OK][0m
[36m      +--[0m [34m[103] 102[0m [32m[OK][0m
[36m      +--[0m [34m[104] 103[0m [32m[OK][0m
[36m      +--[0m [34m[105] 104[0m [32m[OK][0m
[36m      +--[0m [34m[106] 105[0m [32m[OK][0m
[36m      +--[0m [34m[107] 106[0m [32m[OK][0m
[36m      +--[0m [34m[108] 107[0m [32m[OK][0m
[36m      +--[0m [34m[109] 108[0m [32m[OK][0m
[36m      +--[0m [34m[110] 109[0m [32m[OK][0m
[36m      +--[0m [34m[111] 110[0m [32m[OK][0m
[36m      +--[0m [34m[112] 111[0m [32m[OK][0m
[36m      +--[0m [34m[113] 112[0m [32m[OK][0m
[36m      +--[0m [34m[114] 113[0m [32m[OK][0m
[36m      +--[0m [34m[115] 114[0m [32m[OK][0m
[36m      +--[0m [34m[116] 115[0m [32m[OK][0m
[36m      +--[0m [34m[117] 116[0m [32m[OK][0m
[36m      +--[0m [34m[118] 117[0m [32m[OK][0m
[36m      +--[0m [34m[119] 118[0m [32m[OK][0m
[36m      +--[0m [34m[120] 119[0m [32m[OK][0m
[36m      +--[0m [34m[121] 120[0m [32m[OK][0m
[36m      +--[0m [34m[122] 121[0m [32m[OK][0m
[36m      +--[0m [34m[123] 122[0m [32m[OK][0m
[36m      +--[0m [34m[124] 123[0m [32m[OK][0m
[36m      +--[0m [34m[125] 124[0m [32m[OK][0m
[36m      +--[0m [34m[126] 125[0m [32m[OK][0m
[36m      +--[0m [34m[127] 126[0m [32m[OK][0m
[36m      +--[0m [34m[128] 127[0m [32m[OK][0m
[36m      +--[0m [34m[129] 128[0m [32m[OK][0m
[36m      +--[0m [34m[130] 129[0m [32m[OK][0m
[36m      +--[0m [34m[131] 130[0m [32m[OK][0m
[36m      +--[0m [34m[132] 131[0m [32m[OK][0m
[36m      +--[0m [34m[133] 132[0m [32m[OK][0m
[36m      +--[0m [34m[134] 133[0m [32m[OK][0m
[36m      +--[0m [34m[135] 134[0m [32m[OK][0m
[36m      +--[0m [34m[136] 135[0m [32m[OK][0m
[36m      +--[0m [34m[137] 136[0m [32m[OK][0m
[36m      +--[0m [34m[138] 137[0m [32m[OK][0m
[36m      +--[0m [34m[139] 138[0m [32m[OK][0m
[36m      +--[0m [34m[140] 139[0m [32m[OK][0m
[36m      +--[0m [34m[141] 140[0m [32m[OK][0m
[36m      +--[0m [34m[142] 141[0m [32m[OK][0m
[36m      +--[0m [34m[143] 142[0m [32m[OK][0m
[36m      +--[0m [34m[144] 143[0m [32m[OK][0m
[36m      +--[0m [34m[145] 144[0m [32m[OK][0m
[36m      +--[0m [34m[146] 145[0m [32m[OK][0m
[36m      +--[0m [34m[147] 146[0m [32m[OK][0m
[36m      +--[0m [34m[148] 147[0m [32m[OK][0m
[36m      +--[0m [34m[149] 148[0m [32m[OK][0m
[36m      +--[0m [34m[150] 149[0m [32m[OK][0m
[36m      +--[0m [34m[151] 150[0m [32m[OK][0m
[36m      +--[0m [34m[152] 151[0m [32m[OK][0m
[36m      +--[0m [34m[153] 152[0m [32m[OK][0m
[36m      +--[0m [34m[154] 153[0m [32m[OK][0m
[36m      +--[0m [34m[155] 154[0m [32m[OK][0m
[36m      +--[0m [34m[156] 155[0m [32m[OK][0m
[36m      +--[0m [34m[157] 156[0m [32m[OK][0m
[36m      +--[0m [34m[158] 157[0m [32m[OK][0m
[36m      +--[0m [34m[159] 158[0m [32m[OK][0m
[36m      +--[0m [34m[160] 159[0m [32m[OK][0m
[36m      +--[0m [34m[161] 160[0m [32m[OK][0m
[36m      +--[0m [34m[162] 161[0m [32m[OK][0m
[36m      +--[0m [34m[163] 162[0m [32m[OK][0m
[36m      +--[0m [34m[164] 163[0m [32m[OK][0m
[36m      +--[0m [34m[165] 164[0m [32m[OK][0m
[36m      +--[0m [34m[166] 165[0m [32m[OK][0m
[36m      +--[0m [34m[167] 166[0m [32m[OK][0m
[36m      +--[0m [34m[168] 167[0m [32m[OK][0m
[36m      +--[0m [34m[169] 168[0m [32m[OK][0m
[36m      +--[0m [34m[170] 169[0m [32m[OK][0m
[36m      +--[0m [34m[171] 170[0m [32m[OK][0m
[36m      +--[0m [34m[172] 171[0m [32m[OK][0m
[36m      +--[0m [34m[173] 172[0m [32m[OK][0m
[36m      +--[0m [34m[174] 173[0m [32m[OK][0m
[36m      +--[0m [34m[175] 174[0m [32m[OK][0m
[36m      +--[0m [34m[176] 175[0m [32m[OK][0m
[36m      +--[0m [34m[177] 176[0m [32m[OK][0m
[36m      +--[0m [34m[178] 177[0m [32m[OK][0m
[36m      +--[0m [34m[179] 178[0m [32m[OK][0m
[36m      +--[0m [34m[180] 179[0m [32m[OK][0m
[36m      +--[0m [34m[181] 180[0m [32m[OK][0m
[36m      +--[0m [34m[182] 181[0m [32m[OK][0m
[36m      +--[0m [34m[183] 182[0m [32m[OK][0m
[36m      +--[0m [34m[184] 183[0m [32m[OK][0m
[36m      +--[0m [34m[185] 184[0m [32m[OK][0m
[36m      +--[0m [34m[186] 185[0m [32m[OK][0m
[36m      +--[0m [34m[187] 186[0m [32m[OK][0m
[36m      +--[0m [34m[188] 187[0m [32m[OK][0m
[36m      +--[0m [34m[189] 188[0m [32m[OK][0m
[36m      +--[0m [34m[190] 189[0m [32m[OK][0m
[36m      +--[0m [34m[191] 190[0m [32m[OK][0m
[36m      +--[0m [34m[192] 191[0m [32m[OK][0m
[36m      +--[0m [34m[193] 192[0m [32m[OK][0m
[36m      +--[0m [34m[194] 193[0m [32m[OK][0m
[36m      +--[0m [34m[195] 194[0m [32m[OK][0m
[36m      +--[0m [34m[196] 195[0m [32m[OK][0m
[36m      +--[0m [34m[197] 196[0m [32m[OK][0m
[36m      +--[0m [34m[198] 197[0m [32m[OK][0m
[36m      +--[0m [34m[199] 198[0m [32m[OK][0m
[36m      +--[0m [34m[200] 199[0m [32m[OK][0m
[36m      +--[0m [34m[201] 200[0m [32m[OK][0m
[36m      +--[0m [34m[202] 201[0m [32m[OK][0m
[36m      +--[0m [34m[203] 202[0m [32m[OK][0m
[36m      +--[0m [34m[204] 203[0m [32m[OK][0m
[36m      +--[0m [34m[205] 204[0m [32m[OK][0m
[36m      +--[0m [34m[206] 205[0m [32m[OK][0m
[36m      +--[0m [34m[207] 206[0m [32m[OK][0m
[36m      +--[0m [34m[208] 207[0m [32m[OK][0m
[36m      +--[0m [34m[209] 208[0m [32m[OK][0m
[36m      +--[0m [34m[210] 209[0m [32m[OK][0m
[36m      +--[0m [34m[211] 210[0m [32m[OK][0m
[36m      +--[0m [34m[212] 211[0m [32m[OK][0m
[36m      +--[0m [34m[213] 212[0m [32m[OK][0m
[36m      +--[0m [34m[214] 213[0m [32m[OK][0m
[36m      +--[0m [34m[215] 214[0m [32m[OK][0m
[36m      +--[0m [34m[216] 215[0m [32m[OK][0m
[36m      +--[0m [34m[217] 216[0m [32m[OK][0m
[36m      +--[0m [34m[218] 217[0m [32m[OK][0m
[36m      +--[0m [34m[219] 218[0m [32m[OK][0m
[36m      +--[0m [34m[220] 219[0m [32m[OK][0m
[36m      +--[0m [34m[221] 220[0m [32m[OK][0m
[36m      +--[0m [34m[222] 221[0m [32m[OK][0m
[36m      +--[0m [34m[223] 222[0m [32m[OK][0m
[36m      +--[0m [34m[224] 223[0m [32m[OK][0m
[36m      +--[0m [34m[225] 224[0m [32m[OK][0m
[36m      +--[0m [34m[226] 225[0m [32m[OK][0m
[36m      +--[0m [34m[227] 226[0m [32m[OK][0m
[36m      +--[0m [34m[228] 227[0m [32m[OK][0m
[36m      +--[0m [34m[229] 228[0m [32m[OK][0m
[36m      +--[0m [34m[230] 229[0m [32m[OK][0m
[36m      +--[0m [34m[231] 230[0m [32m[OK][0m
[36m      +--[0m [34m[232] 231[0m [32m[OK][0m
[36m      +--[0m [34m[233] 232[0m [32m[OK][0m
[36m      +--[0m [34m[234] 233[0m [32m[OK][0m
[36m      +--[0m [34m[235] 234[0m [32m[OK][0m
[36m      +--[0m [34m[236] 235[0m [32m[OK][0m
[36m      +--[0m [34m[237] 236[0m [32m[OK][0m
[36m      +--[0m [34m[238] 237[0m [32m[OK][0m
[36m      +--[0m [34m[239] 238[0m [32m[OK][0m
[36m      +--[0m [34m[240] 239[0m [32m[OK][0m
[36m      +--[0m [34m[241] 240[0m [32m[OK][0m
[36m      +--[0m [34m[242] 241[0m [32m[OK][0m
[36m      +--[0m [34m[243] 242[0m [32m[OK][0m
[36m      +--[0m [34m[244] 243[0m [32m[OK][0m
[36m      +--[0m [34m[245] 244[0m [32m[OK][0m
[36m      +--[0m [34m[246] 245[0m [32m[OK][0m
[36m      +--[0m [34m[247] 246[0m [32m[OK][0m
[36m      +--[0m [34m[248] 247[0m [32m[OK][0m
[36m      +--[0m [34m[249] 248[0m [32m[OK][0m
[36m      +--[0m [34m[250] 249[0m [32m[OK][0m
[36m      +--[0m [34m[251] 250[0m [32m[OK][0m
[36m      +--[0m [34m[252] 251[0m [32m[OK][0m
[36m      +--[0m [34m[253] 252[0m [32m[OK][0m
[36m      +--[0m [34m[254] 253[0m [32m[OK][0m
[36m      +--[0m [34m[255] 254[0m [32m[OK][0m
[36m      +--[0m [34m[256] 255[0m [32m[OK][0m
[36m      +--[0m [34m[257] 256[0m [32m[OK][0m
[36m      +--[0m [34m[258] 257[0m [32m[OK][0m
[36m      +--[0m [34m[259] 258[0m [32m[OK][0m
[36m      +--[0m [34m[260] 259[0m [32m[OK][0m
[36m      +--[0m [34m[261] 260[0m [32m[OK][0m
[36m      +--[0m [34m[262] 261[0m [32m[OK][0m
[36m      +--[0m [34m[263] 262[0m [32m[OK][0m
[36m      +--[0m [34m[264] 263[0m [32m[OK][0m
[36m      +--[0m [34m[265] 264[0m [32m[OK][0m
[36m      +--[0m [34m[266] 265[0m [32m[OK][0m
[36m      +--[0m [34m[267] 266[0m [32m[OK][0m
[36m      +--[0m [34m[268] 267[0m [32m[OK][0m
[36m      +--[0m [34m[269] 268[0m [32m[OK][0m
[36m      +--[0m [34m[270] 269[0m [32m[OK][0m
[36m      +--[0m [34m[271] 270[0m [32m[OK][0m
[36m      +--[0m [34m[272] 271[0m [32m[OK][0m
[36m      +--[0m [34m[273] 272[0m [32m[OK][0m
[36m      +--[0m [34m[274] 273[0m [32m[OK][0m
[36m      +--[0m [34m[275] 274[0m [32m[OK][0m
[36m      +--[0m [34m[276] 275[0m [32m[OK][0m
[36m      +--[0m [34m[277] 276[0m [32m[OK][0m
[36m      +--[0m [34m[278] 277[0m [32m[OK][0m
[36m      +--[0m [34m[279] 278[0m [32m[OK][0m
[36m      +--[0m [34m[280] 279[0m [32m[OK][0m
[36m      +--[0m [34m[281] 280[0m [32m[OK][0m
[36m      +--[0m [34m[282] 281[0m [32m[OK][0m
[36m      +--[0m [34m[283] 282[0m [32m[OK][0m
[36m      +--[0m [34m[284] 283[0m [32m[OK][0m
[36m      +--[0m [34m[285] 284[0m [32m[OK][0m
[36m      +--[0m [34m[286] 285[0m [32m[OK][0m
[36m      +--[0m [34m[287] 286[0m [32m[OK][0m
[36m      +--[0m [34m[288] 287[0m [32m[OK][0m
[36m      +--[0m [34m[289] 288[0m [32m[OK][0m
[36m      +--[0m [34m[290] 289[0m [32m[OK][0m
[36m      +--[0m [34m[291] 290[0m [32m[OK][0m
[36m      +--[0m [34m[292] 291[0m [32m[OK][0m
[36m      +--[0m [34m[293] 292[0m [32m[OK][0m
[36m      +--[0m [34m[294] 293[0m [32m[OK][0m
[36m      +--[0m [34m[295] 294[0m [32m[OK][0m
[36m      +--[0m [34m[296] 295[0m [32m[OK][0m
[36m      +--[0m [34m[297] 296[0m [32m[OK][0m
[36m      +--[0m [34m[298] 297[0m [32m[OK][0m
[36m      +--[0m [34m[299] 298[0m [32m[OK][0m
[36m      +--[0m [34m[300] 299[0m [32m[OK][0m
[36m      +--[0m [34m[301] 300[0m [32m[OK][0m
[36m      +--[0m [34m[302] 301[0m [32m[OK][0m
[36m      +--[0m [34m[303] 302[0m [32m[OK][0m
[36m      +--[0m [34m[304] 303[0m [32m[OK][0m
[36m      +--[0m [34m[305] 304[0m [32m[OK][0m
[36m      +--[0m [34m[306] 305[0m [32m[OK][0m
[36m      +--[0m [34m[307] 306[0m [32m[OK][0m
[36m      +--[0m [34m[308] 307[0m [32m[OK][0m
[36m      +--[0m [34m[309] 308[0m [32m[OK][0m
[36m      +--[0m [34m[310] 309[0m [32m[OK][0m
[36m      +--[0m [34m[311] 310[0m [32m[OK][0m
[36m      +--[0m [34m[312] 311[0m [32m[OK][0m
[36m      +--[0m [34m[313] 312[0m [32m[OK][0m
[36m      +--[0m [34m[314] 313[0m [32m[OK][0m
[36m      +--[0m [34m[315] 314[0m [32m[OK][0m
[36m      +--[0m [34m[316] 315[0m [32m[OK][0m
[36m      +--[0m [34m[317] 316[0m [32m[OK][0m
[36m      +--[0m [34m[318] 317[0m [32m[OK][0m
[36m      +--[0m [34m[319] 318[0m [32m[OK][0m
[36m      +--[0m [34m[320] 319[0m [32m[OK][0m
[36m      +--[0m [34m[321] 320[0m [32m[OK][0m
[36m      +--[0m [34m[322] 321[0m [32m[OK][0m
[36m      +--[0m [34m[323] 322[0m [32m[OK][0m
[36m      +--[0m [34m[324] 323[0m [32m[OK][0m
[36m      +--[0m [34m[325] 324[0m [32m[OK][0m
[36m      +--[0m [34m[326] 325[0m [32m[OK][0m
[36m      +--[0m [34m[327] 326[0m [32m[OK][0m
[36m      +--[0m [34m[328] 327[0m [32m[OK][0m
[36m      +--[0m [34m[329] 328[0m [32m[OK][0m
[36m      +--[0m [34m[330] 329[0m [32m[OK][0m
[36m      +--[0m [34m[331] 330[0m [32m[OK][0m
[36m      +--[0m [34m[332] 331[0m [32m[OK][0m
[36m      +--[0m [34m[333] 332[0m [32m[OK][0m
[36m      +--[0m [34m[334] 333[0m [32m[OK][0m
[36m      +--[0m [34m[335] 334[0m [32m[OK][0m
[36m      +--[0m [34m[336] 335[0m [32m[OK][0m
[36m      +--[0m [34m[337] 336[0m [32m[OK][0m
[36m      +--[0m [34m[338] 337[0m [32m[OK][0m
[36m      +--[0m [34m[339] 338[0m [32m[OK][0m
[36m      +--[0m [34m[340] 339[0m [32m[OK][0m
[36m      +--[0m [34m[341] 340[0m [32m[OK][0m
[36m      +--[0m [34m[342] 341[0m [32m[OK][0m
[36m      +--[0m [34m[343] 342[0m [32m[OK][0m
[36m      +--[0m [34m[344] 343[0m [32m[OK][0m
[36m      +--[0m [34m[345] 344[0m [32m[OK][0m
[36m      +--[0m [34m[346] 345[0m [32m[OK][0m
[36m      +--[0m [34m[347] 346[0m [32m[OK][0m
[36m      +--[0m [34m[348] 347[0m [32m[OK][0m
[36m      +--[0m [34m[349] 348[0m [32m[OK][0m
[36m      +--[0m [34m[350] 349[0m [32m[OK][0m
[36m      +--[0m [34m[351] 350[0m [32m[OK][0m
[36m      +--[0m [34m[352] 351[0m [32m[OK][0m
[36m      +--[0m [34m[353] 352[0m [32m[OK][0m
[36m      +--[0m [34m[354] 353[0m [32m[OK][0m
[36m      +--[0m [34m[355] 354[0m [32m[OK][0m
[36m      +--[0m [34m[356] 355[0m [32m[OK][0m
[36m      +--[0m [34m[357] 356[0m [32m[OK][0m
[36m      +--[0m [34m[358] 357[0m [32m[OK][0m
[36m      +--[0m [34m[359] 358[0m [32m[OK][0m
[36m      +--[0m [34m[360] 359[0m [32m[OK][0m
[36m      +--[0m [34m[361] 360[0m [32m[OK][0m
[36m      +--[0m [34m[362] 361[0m [32m[OK][0m
[36m      +--[0m [34m[363] 362[0m [32m[OK][0m
[36m      +--[0m [34m[364] 363[0m [32m[OK][0m
[36m      +--[0m [34m[365] 364[0m [32m[OK][0m
[36m      +--[0m [34m[366] 365[0m [32m[OK][0m
[36m      +--[0m [34m[367] 366[0m [32m[OK][0m
[36m      +--[0m [34m[368] 367[0m [32m[OK][0m
[36m      +--[0m [34m[369] 368[0m [32m[OK][0m
[36m      +--[0m [34m[370] 369[0m [32m[OK][0m
[36m      +--[0m [34m[371] 370[0m [32m[OK][0m
[36m      +--[0m [34m[372] 371[0m [32m[OK][0m
[36m      +--[0m [34m[373] 372[0m [32m[OK][0m
[36m      +--[0m [34m[374] 373[0m [32m[OK][0m
[36m      +--[0m [34m[375] 374[0m [32m[OK][0m
[36m      +--[0m [34m[376] 375[0m [32m[OK][0m
[36m      +--[0m [34m[377] 376[0m [32m[OK][0m
[36m      +--[0m [34m[378] 377[0m [32m[OK][0m
[36m      +--[0m [34m[379] 378[0m [32m[OK][0m
[36m      +--[0m [34m[380] 379[0m [32m[OK][0m
[36m      +--[0m [34m[381] 380[0m [32m[OK][0m
[36m      +--[0m [34m[382] 381[0m [32m[OK][0m
[36m      +--[0m [34m[383] 382[0m [32m[OK][0m
[36m      +--[0m [34m[384] 383[0m [32m[OK][0m
[36m      +--[0m [34m[385] 384[0m [32m[OK][0m
[36m      +--[0m [34m[386] 385[0m [32m[OK][0m
[36m      +--[0m [34m[387] 386[0m [32m[OK][0m
[36m      +--[0m [34m[388] 387[0m [32m[OK][0m
[36m      +--[0m [34m[389] 388[0m [32m[OK][0m
[36m      +--[0m [34m[390] 389[0m [32m[OK][0m
[36m      +--[0m [34m[391] 390[0m [32m[OK][0m
[36m      +--[0m [34m[392] 391[0m [32m[OK][0m
[36m      +--[0m [34m[393] 392[0m [32m[OK][0m
[36m      +--[0m [34m[394] 393[0m [32m[OK][0m
[36m      +--[0m [34m[395] 394[0m [32m[OK][0m
[36m      +--[0m [34m[396] 395[0m [32m[OK][0m
[36m      +--[0m [34m[397] 396[0m [32m[OK][0m
[36m      +--[0m [34m[398] 397[0m [32m[OK][0m
[36m      +--[0m [34m[399] 398[0m [32m[OK][0m
[36m      +--[0m [34m[400] 399[0m [32m[OK][0m
[36m      +--[0m [34m[401] 400[0m [32m[OK][0m
[36m      +--[0m [34m[402] 401[0m [32m[OK][0m
[36m      +--[0m [34m[403] 402[0m [32m[OK][0m
[36m      +--[0m [34m[404] 403[0m [32m[OK][0m
[36m      +--[0m [34m[405] 404[0m [32m[OK][0m
[36m      +--[0m [34m[406] 405[0m [32m[OK][0m
[36m      +--[0m [34m[407] 406[0m [32m[OK][0m
[36m      +--[0m [34m[408] 407[0m [32m[OK][0m
[36m      +--[0m [34m[409] 408[0m [32m[OK][0m
[36m      +--[0m [34m[410] 409[0m [32m[OK][0m
[36m      +--[0m [34m[411] 410[0m [32m[OK][0m
[36m      +--[0m [34m[412] 411[0m [32m[OK][0m
[36m      +--[0m [34m[413] 412[0m [32m[OK][0m
[36m      +--[0m [34m[414] 413[0m [32m[OK][0m
[36m      +--[0m [34m[415] 414[0m [32m[OK][0m
[36m      +--[0m [34m[416] 415[0m [32m[OK][0m
[36m      +--[0m [34m[417] 416[0m [32m[OK][0m
[36m      +--[0m [34m[418] 417[0m [32m[OK][0m
[36m      +--[0m [34m[419] 418[0m [32m[OK][0m
[36m      +--[0m [34m[420] 419[0m [32m[OK][0m
[36m      +--[0m [34m[421] 420[0m [32m[OK][0m
[36m      +--[0m [34m[422] 421[0m [32m[OK][0m
[36m      +--[0m [34m[423] 422[0m [32m[OK][0m
[36m      +--[0m [34m[424] 423[0m [32m[OK][0m
[36m      +--[0m [34m[425] 424[0m [32m[OK][0m
[36m      +--[0m [34m[426] 425[0m [32m[OK][0m
[36m      +--[0m [34m[427] 426[0m [32m[OK][0m
[36m      +--[0m [34m[428] 427[0m [32m[OK][0m
[36m      +--[0m [34m[429] 428[0m [32m[OK][0m
[36m      +--[0m [34m[430] 429[0m [32m[OK][0m
[36m      +--[0m [34m[431] 430[0m [32m[OK][0m
[36m      +--[0m [34m[432] 431[0m [32m[OK][0m
[36m      +--[0m [34m[433] 432[0m [32m[OK][0m
[36m      +--[0m [34m[434] 433[0m [32m[OK][0m
[36m      +--[0m [34m[435] 434[0m [32m[OK][0m
[36m      +--[0m [34m[436] 435[0m [32m[OK][0m
[36m      +--[0m [34m[437] 436[0m [32m[OK][0m
[36m      +--[0m [34m[438] 437[0m [32m[OK][0m
[36m      +--[0m [34m[439] 438[0m [32m[OK][0m
[36m      +--[0m [34m[440] 439[0m [32m[OK][0m
[36m      +--[0m [34m[441] 440[0m [32m[OK][0m
[36m      +--[0m [34m[442] 441[0m [32m[OK][0m
[36m      +--[0m [34m[443] 442[0m [32m[OK][0m
[36m      +--[0m [34m[444] 443[0m [32m[OK][0m
[36m      +--[0m [34m[445] 444[0m [32m[OK][0m
[36m      +--[0m [34m[446] 445[0m [32m[OK][0m
[36m      +--[0m [34m[447] 446[0m [32m[OK][0m
[36m      +--[0m [34m[448] 447[0m [32m[OK][0m
[36m      +--[0m [34m[449] 448[0m [32m[OK][0m
[36m      +--[0m [34m[450] 449[0m [32m[OK][0m
[36m      +--[0m [34m[451] 450[0m [32m[OK][0m
[36m      +--[0m [34m[452] 451[0m [32m[OK][0m
[36m      +--[0m [34m[453] 452[0m [32m[OK][0m
[36m      +--[0m [34m[454] 453[0m [32m[OK][0m
[36m      +--[0m [34m[455] 454[0m [32m[OK][0m
[36m      +--[0m [34m[456] 455[0m [32m[OK][0m
[36m      +--[0m [34m[457] 456[0m [32m[OK][0m
[36m      +--[0m [34m[458] 457[0m [32m[OK][0m
[36m      +--[0m [34m[459] 458[0m [32m[OK][0m
[36m      +--[0m [34m[460] 459[0m [32m[OK][0m
[36m      +--[0m [34m[461] 460[0m [32m[OK][0m
[36m      +--[0m [34m[462] 461[0m [32m[OK][0m
[36m      +--[0m [34m[463] 462[0m [32m[OK][0m
[36m      +--[0m [34m[464] 463[0m [32m[OK][0m
[36m      +--[0m [34m[465] 464[0m [32m[OK][0m
[36m      +--[0m [34m[466] 465[0m [32m[OK][0m
[36m      +--[0m [34m[467] 466[0m [32m[OK][0m
[36m      +--[0m [34m[468] 467[0m [32m[OK][0m
[36m      +--[0m [34m[469] 468[0m [32m[OK][0m
[36m      +--[0m [34m[470] 469[0m [32m[OK][0m
[36m      +--[0m [34m[471] 470[0m [32m[OK][0m
[36m      +--[0m [34m[472] 471[0m [32m[OK][0m
[36m      +--[0m [34m[473] 472[0m [32m[OK][0m
[36m      +--[0m [34m[474] 473[0m [32m[OK][0m
[36m      +--[0m [34m[475] 474[0m [32m[OK][0m
[36m      +--[0m [34m[476] 475[0m [32m[OK][0m
[36m      +--[0m [34m[477] 476[0m [32m[OK][0m
[36m      +--[0m [34m[478] 477[0m [32m[OK][0m
[36m      +--[0m [34m[479] 478[0m [32m[OK][0m
[36m      +--[0m [34m[480] 479[0m [32m[OK][0m
[36m      +--[0m [34m[481] 480[0m [32m[OK][0m
[36m      +--[0m [34m[482] 481[0m [32m[OK][0m
[36m      +--[0m [34m[483] 482[0m [32m[OK][0m
[36m      +--[0m [34m[484] 483[0m [32m[OK][0m
[36m      +--[0m [34m[485] 484[0m [32m[OK][0m
[36m      +--[0m [34m[486] 485[0m [32m[OK][0m
[36m      +--[0m [34m[487] 486[0m [32m[OK][0m
[36m      +--[0m [34m[488] 487[0m [32m[OK][0m
[36m      +--[0m [34m[489] 488[0m [32m[OK][0m
[36m      +--[0m [34m[490] 489[0m [32m[OK][0m
[36m      +--[0m [34m[491] 490[0m [32m[OK][0m
[36m      +--[0m [34m[492] 491[0m [32m[OK][0m
[36m      +--[0m [34m[493] 492[0m [32m[OK][0m
[36m      +--[0m [34m[494] 493[0m [32m[OK][0m
[36m      +--[0m [34m[495] 494[0m [32m[OK][0m
[36m      +--[0m [34m[496] 495[0m [32m[OK][0m
[36m      +--[0m [34m[497] 496[0m [32m[OK][0m
[36m      +--[0m [34m[498] 497[0m [32m[OK][0m
[36m      +--[0m [34m[499] 498[0m [32m[OK][0m
[36m      '--[0m [34m[500] 499[0m [32m[OK][0m

Test run finished after 5477 ms
[         3 containers found      ]
[         0 containers skipped    ]
[         3 containers started    ]
[         0 containers aborted    ]
[         3 containers successful ]
[         0 containers failed     ]
[       500 tests found           ]
[         0 tests skipped         ]
[       500 tests started         ]
[         0 tests aborted         ]
[       500 tests successful      ]
[         0 tests failed          ]

